<?xml version="1.0" encoding="UTF-8"?>
<testng-results ignored="0" total="4" passed="4" failed="0" skipped="0">
  <reporter-output>
  </reporter-output>
  <suite started-at="2024-12-27T12:37:00 IST" name="API Test Suite" finished-at="2024-12-27T12:37:06 IST" duration-ms="5435">
    <groups>
    </groups>
    <test started-at="2024-12-27T12:37:00 IST" name="User API Tests" finished-at="2024-12-27T12:37:06 IST" duration-ms="5435">
      <class name="api_test.UserTests">
        <test-method is-config="true" signature="setupData()[pri:0, instance:api_test.UserTests@595f4da5]" started-at="2024-12-27T12:37:00 IST" name="setupData" finished-at="2024-12-27T12:37:01 IST" duration-ms="222" status="PASS">
          <reporter-output>
          </reporter-output>
        </test-method> <!-- setupData -->
        <test-method signature="Test_Post_A_User()[pri:0, instance:api_test.UserTests@595f4da5]" started-at="2024-12-27T12:37:01 IST" name="Test_Post_A_User" finished-at="2024-12-27T12:37:04 IST" duration-ms="3683" status="PASS">
          <reporter-output>
          </reporter-output>
        </test-method> <!-- Test_Post_A_User -->
        <test-method signature="Test_Get_All_Users()[pri:2, instance:api_test.UserTests@595f4da5]" started-at="2024-12-27T12:37:04 IST" name="Test_Get_All_Users" finished-at="2024-12-27T12:37:05 IST" duration-ms="256" status="PASS">
          <reporter-output>
          </reporter-output>
        </test-method> <!-- Test_Get_All_Users -->
        <test-method signature="Test_Update_A_UserDetails()[pri:3, instance:api_test.UserTests@595f4da5]" started-at="2024-12-27T12:37:05 IST" name="Test_Update_A_UserDetails" finished-at="2024-12-27T12:37:05 IST" duration-ms="711" status="PASS">
          <reporter-output>
          </reporter-output>
        </test-method> <!-- Test_Update_A_UserDetails -->
        <test-method signature="Test_Deleting_A_UserDetails()[pri:4, instance:api_test.UserTests@595f4da5]" started-at="2024-12-27T12:37:05 IST" name="Test_Deleting_A_UserDetails" finished-at="2024-12-27T12:37:06 IST" duration-ms="374" status="PASS">
          <reporter-output>
          </reporter-output>
        </test-method> <!-- Test_Deleting_A_UserDetails -->
      </class> <!-- api_test.UserTests -->
    </test> <!-- User API Tests -->
  </suite> <!-- API Test Suite -->
</testng-results>
