<?xml version="1.0" encoding="UTF-8"?>
<testng-results ignored="0" total="4" passed="4" failed="0" skipped="0">
  <reporter-output>
  </reporter-output>
  <suite started-at="2024-12-31T12:43:11 IST" name="API Test Suite" finished-at="2024-12-31T12:43:30 IST" duration-ms="19766">
    <groups>
    </groups>
    <test started-at="2024-12-31T12:43:11 IST" name="User API Tests" finished-at="2024-12-31T12:43:30 IST" duration-ms="19766">
      <class name="api_test.UserTests">
        <test-method is-config="true" signature="setupData()[pri:0, instance:api_test.UserTests@5aa6202e]" started-at="2024-12-31T12:43:11 IST" name="setupData" finished-at="2024-12-31T12:43:11 IST" duration-ms="167" status="PASS">
          <reporter-output>
          </reporter-output>
        </test-method> <!-- setupData -->
        <test-method signature="Test_Post_A_User()[pri:0, instance:api_test.UserTests@5aa6202e]" started-at="2024-12-31T12:43:11 IST" name="Test_Post_A_User" finished-at="2024-12-31T12:43:18 IST" duration-ms="7262" status="PASS">
          <reporter-output>
          </reporter-output>
        </test-method> <!-- Test_Post_A_User -->
        <test-method signature="Test_Get_All_Users()[pri:2, instance:api_test.UserTests@5aa6202e]" started-at="2024-12-31T12:43:18 IST" name="Test_Get_All_Users" finished-at="2024-12-31T12:43:22 IST" duration-ms="3859" status="PASS">
          <reporter-output>
          </reporter-output>
        </test-method> <!-- Test_Get_All_Users -->
        <test-method signature="Test_Update_A_UserDetails()[pri:3, instance:api_test.UserTests@5aa6202e]" started-at="2024-12-31T12:43:22 IST" name="Test_Update_A_UserDetails" finished-at="2024-12-31T12:43:26 IST" duration-ms="4384" status="PASS">
          <reporter-output>
          </reporter-output>
        </test-method> <!-- Test_Update_A_UserDetails -->
        <test-method signature="Test_Deleting_A_UserDetails()[pri:4, instance:api_test.UserTests@5aa6202e]" started-at="2024-12-31T12:43:26 IST" name="Test_Deleting_A_UserDetails" finished-at="2024-12-31T12:43:30 IST" duration-ms="3975" status="PASS">
          <reporter-output>
          </reporter-output>
        </test-method> <!-- Test_Deleting_A_UserDetails -->
      </class> <!-- api_test.UserTests -->
    </test> <!-- User API Tests -->
  </suite> <!-- API Test Suite -->
</testng-results>
