<?xml version="1.0" encoding="UTF-8"?>
<testsuite xmlns:xsi="http://www.w3.org/2001/XMLSchema-instance" xsi:noNamespaceSchemaLocation="https://maven.apache.org/surefire/maven-surefire-plugin/xsd/surefire-test-report-3.0.xsd" version="3.0" name="TestSuite" time="7.247" tests="4" errors="0" skipped="0" failures="0">
  <properties>
[...]
</properties>
  <testcase name="Test_Post_A_User" classname="api_test.UserTests" time="3.802">
    <system-out><![CDATA[2024-12-27 12:37:00 [TestNG-tests-1] INFO  api_test.UserTests - ************************* REQRES API TEST STARTED ************************
2024-12-27 12:37:01 [TestNG-tests-1] INFO  api_test.UserTests - Generated User Name: Shawana O'Reilly
2024-12-27 12:37:01 [TestNG-tests-1] INFO  api_test.UserTests - Generated User Job: Central Technician
2024-12-27 12:37:01 [TestNG-tests-1] INFO  api_test.UserTests - ************************** TestCase 1 Started (CREATE USER) **************************
2024-12-27 12:37:04 [TestNG-tests-1] INFO  api_test.UserTests - User Details: {"name":"Shawana O'Reilly","job":"Central Technician","id":"536","createdAt":"2024-12-27T07:07:00.461Z"}
2024-12-27 12:37:04 [TestNG-tests-1] INFO  api_test.UserTests - Created User Name: Shawana O'Reilly
2024-12-27 12:37:04 [TestNG-tests-1] INFO  api_test.UserTests - Created User Job: Central Technician
2024-12-27 12:37:04 [TestNG-tests-1] INFO  api_test.UserTests - Created User ID: 536
2024-12-27 12:37:04 [TestNG-tests-1] INFO  api_test.UserTests - User Created At: 2024-12-27T07:07:00.461Z
2024-12-27 12:37:04 [TestNG-tests-1] INFO  api_test.UserTests - ************************* TestCase 1 Completed (CREATE USER) *************************
]]></system-out>
    <system-err><![CDATA[SLF4J: Failed to load class "org.slf4j.impl.StaticLoggerBinder".
SLF4J: Defaulting to no-operation (NOP) logger implementation
SLF4J: See http://www.slf4j.org/codes.html#StaticLoggerBinder for further details.
]]></system-err>
  </testcase>
  <testcase name="Test_Get_All_Users" classname="api_test.UserTests" time="0.267">
    <system-out><![CDATA[2024-12-27 12:37:04 [TestNG-tests-1] INFO  api_test.UserTests - ************************** TestCase 2 Started (GET USER) **************************
HTTP/1.1 200 OK
Date: Fri, 27 Dec 2024 07:07:01 GMT
Content-Type: application/json; charset=utf-8
Transfer-Encoding: chunked
Connection: keep-alive
Report-To: {"group":"heroku-nel","max_age":3600,"endpoints":[{"url":"https://nel.heroku.com/reports?ts=1735280742&sid=c4c9725f-1ab0-44d8-820f-430df2718e11&s=uST6R8%2BHACvVSHM3RkOU3SxeBvV%2BgB3gHY%2B07ZDRFE0%3D"}]}
Reporting-Endpoints: heroku-nel=https://nel.heroku.com/reports?ts=1735280742&sid=c4c9725f-1ab0-44d8-820f-430df2718e11&s=uST6R8%2BHACvVSHM3RkOU3SxeBvV%2BgB3gHY%2B07ZDRFE0%3D
Nel: {"report_to":"heroku-nel","max_age":3600,"success_fraction":0.005,"failure_fraction":0.05,"response_headers":["Via"]}
X-Powered-By: Express
Access-Control-Allow-Origin: *
Etag: W/"440-ZjsmMKR8P3usr2uJZbOCGCxC3Uw"
Via: 1.1 vegur
Cache-Control: max-age=14400
CF-Cache-Status: HIT
Age: 2479
Vary: Accept-Encoding
Server: cloudflare
CF-RAY: 8f8778a748a28566-BOM
Content-Encoding: gzip
server-timing: cfL4;desc="?proto=TCP&rtt=39812&min_rtt=32860&rtt_var=17288&sent=5&recv=6&lost=0&retrans=0&sent_bytes=3108&recv_bytes=775&delivery_rate=133292&cwnd=194&unsent_bytes=0&cid=40b427c9898e4b47&ts=87&x=0"

{
    "page": 2,
    "per_page": 6,
    "total": 12,
    "total_pages": 2,
    "data": [
        {
            "id": 7,
            "email": "michael.lawson@reqres.in",
            "first_name": "Michael",
            "last_name": "Lawson",
            "avatar": "https://reqres.in/img/faces/7-image.jpg"
        },
        {
            "id": 8,
            "email": "lindsay.ferguson@reqres.in",
            "first_name": "Lindsay",
            "last_name": "Ferguson",
            "avatar": "https://reqres.in/img/faces/8-image.jpg"
        },
        {
            "id": 9,
            "email": "tobias.funke@reqres.in",
            "first_name": "Tobias",
            "last_name": "Funke",
            "avatar": "https://reqres.in/img/faces/9-image.jpg"
        },
        {
            "id": 10,
            "email": "byron.fields@reqres.in",
            "first_name": "Byron",
            "last_name": "Fields",
            "avatar": "https://reqres.in/img/faces/10-image.jpg"
        },
        {
            "id": 11,
            "email": "george.edwards@reqres.in",
            "first_name": "George",
            "last_name": "Edwards",
            "avatar": "https://reqres.in/img/faces/11-image.jpg"
        },
        {
            "id": 12,
            "email": "rachel.howell@reqres.in",
            "first_name": "Rachel",
            "last_name": "Howell",
            "avatar": "https://reqres.in/img/faces/12-image.jpg"
        }
    ],
    "support": {
        "url": "https://contentcaddy.io?utm_source=reqres&utm_medium=json&utm_campaign=referral",
        "text": "Tired of writing endless social media content? Let Content Caddy generate it for you."
    }
}
2024-12-27 12:37:05 [TestNG-tests-1] INFO  api_test.UserTests - ************************* TestCase 2 Completed (GET USER) *************************
]]></system-out>
  </testcase>
  <testcase name="Test_Update_A_UserDetails" classname="api_test.UserTests" time="0.71">
    <system-out><![CDATA[2024-12-27 12:37:05 [TestNG-tests-1] INFO  api_test.UserTests - ************************** TestCase 3 Started (UPDATE USER) **************************
HTTP/1.1 200 OK
Date: Fri, 27 Dec 2024 07:07:01 GMT
Content-Type: application/json; charset=utf-8
Transfer-Encoding: chunked
Connection: keep-alive
Report-To: {"group":"heroku-nel","max_age":3600,"endpoints":[{"url":"https://nel.heroku.com/reports?ts=1735280742&sid=c4c9725f-1ab0-44d8-820f-430df2718e11&s=uST6R8%2BHACvVSHM3RkOU3SxeBvV%2BgB3gHY%2B07ZDRFE0%3D"}]}
Reporting-Endpoints: heroku-nel=https://nel.heroku.com/reports?ts=1735280742&sid=c4c9725f-1ab0-44d8-820f-430df2718e11&s=uST6R8%2BHACvVSHM3RkOU3SxeBvV%2BgB3gHY%2B07ZDRFE0%3D
Nel: {"report_to":"heroku-nel","max_age":3600,"success_fraction":0.005,"failure_fraction":0.05,"response_headers":["Via"]}
X-Powered-By: Express
Access-Control-Allow-Origin: *
Etag: W/"440-ZjsmMKR8P3usr2uJZbOCGCxC3Uw"
Via: 1.1 vegur
Cache-Control: max-age=14400
CF-Cache-Status: HIT
Age: 2479
Vary: Accept-Encoding
Server: cloudflare
CF-RAY: 8f8778a88f2b300e-BOM
Content-Encoding: gzip
server-timing: cfL4;desc="?proto=TCP&rtt=31736&min_rtt=30752&rtt_var=10356&sent=5&recv=6&lost=0&retrans=0&sent_bytes=3108&recv_bytes=775&delivery_rate=125275&cwnd=33&unsent_bytes=0&cid=24845504d1563ba3&ts=46&x=0"

{
    "page": 2,
    "per_page": 6,
    "total": 12,
    "total_pages": 2,
    "data": [
        {
            "id": 7,
            "email": "michael.lawson@reqres.in",
            "first_name": "Michael",
            "last_name": "Lawson",
            "avatar": "https://reqres.in/img/faces/7-image.jpg"
        },
        {
            "id": 8,
            "email": "lindsay.ferguson@reqres.in",
            "first_name": "Lindsay",
            "last_name": "Ferguson",
            "avatar": "https://reqres.in/img/faces/8-image.jpg"
        },
        {
            "id": 9,
            "email": "tobias.funke@reqres.in",
            "first_name": "Tobias",
            "last_name": "Funke",
            "avatar": "https://reqres.in/img/faces/9-image.jpg"
        },
        {
            "id": 10,
            "email": "byron.fields@reqres.in",
            "first_name": "Byron",
            "last_name": "Fields",
            "avatar": "https://reqres.in/img/faces/10-image.jpg"
        },
        {
            "id": 11,
            "email": "george.edwards@reqres.in",
            "first_name": "George",
            "last_name": "Edwards",
            "avatar": "https://reqres.in/img/faces/11-image.jpg"
        },
        {
            "id": 12,
            "email": "rachel.howell@reqres.in",
            "first_name": "Rachel",
            "last_name": "Howell",
            "avatar": "https://reqres.in/img/faces/12-image.jpg"
        }
    ],
    "support": {
        "url": "https://contentcaddy.io?utm_source=reqres&utm_medium=json&utm_campaign=referral",
        "text": "Tired of writing endless social media content? Let Content Caddy generate it for you."
    }
}
2024-12-27 12:37:05 [TestNG-tests-1] INFO  api_test.UserTests - User ID: 7
2024-12-27 12:37:05 [TestNG-tests-1] INFO  api_test.UserTests - First Name: Michael
2024-12-27 12:37:05 [TestNG-tests-1] INFO  api_test.UserTests - Last Name: Lawson
2024-12-27 12:37:05 [TestNG-tests-1] INFO  api_test.UserTests - Email: michael.lawson@reqres.in
HTTP/1.1 200 OK
Date: Fri, 27 Dec 2024 07:07:02 GMT
Content-Type: application/json; charset=utf-8
Transfer-Encoding: chunked
Connection: keep-alive
Report-To: {"group":"heroku-nel","max_age":3600,"endpoints":[{"url":"https://nel.heroku.com/reports?ts=1735283222&sid=c4c9725f-1ab0-44d8-820f-430df2718e11&s=U79j9Gn2UQ0CF5zMlsF1WpJOsGbrjsb9qOiCw8bOPJo%3D"}]}
Reporting-Endpoints: heroku-nel=https://nel.heroku.com/reports?ts=1735283222&sid=c4c9725f-1ab0-44d8-820f-430df2718e11&s=U79j9Gn2UQ0CF5zMlsF1WpJOsGbrjsb9qOiCw8bOPJo%3D
Nel: {"report_to":"heroku-nel","max_age":3600,"success_fraction":0.005,"failure_fraction":0.05,"response_headers":["Via"]}
X-Powered-By: Express
Access-Control-Allow-Origin: *
Etag: W/"5d-HqIOaZWOsAbwi8Fg10wNwP++Jwo"
Via: 1.1 vegur
CF-Cache-Status: DYNAMIC
Vary: Accept-Encoding
Server: cloudflare
CF-RAY: 8f8778aa4a244910-BOM
Content-Encoding: gzip
server-timing: cfL4;desc="?proto=TCP&rtt=27278&min_rtt=27175&rtt_var=10397&sent=5&recv=6&lost=0&retrans=0&sent_bytes=3108&recv_bytes=876&delivery_rate=156422&cwnd=253&unsent_bytes=0&cid=65d3b6098ff35ba9&ts=322&x=0"

{
    "name": "Shawana O'Reilly",
    "job": "Central Technician",
    "updatedAt": "2024-12-27T07:07:02.345Z"
}
2024-12-27 12:37:05 [TestNG-tests-1] INFO  api_test.UserTests - ************************* TestCase 3 Completed (UPDATE USER) *************************
]]></system-out>
  </testcase>
  <testcase name="Test_Deleting_A_UserDetails" classname="api_test.UserTests" time="0.377">
    <system-out><![CDATA[2024-12-27 12:37:05 [TestNG-tests-1] INFO  api_test.UserTests - ************************** TestCase 4 Started (DELETE USER) **************************
HTTP/1.1 204 No Content
Date: Fri, 27 Dec 2024 07:07:02 GMT
Content-Length: 0
Connection: keep-alive
Report-To: {"group":"heroku-nel","max_age":3600,"endpoints":[{"url":"https://nel.heroku.com/reports?ts=1735283222&sid=c4c9725f-1ab0-44d8-820f-430df2718e11&s=U79j9Gn2UQ0CF5zMlsF1WpJOsGbrjsb9qOiCw8bOPJo%3D"}]}
Reporting-Endpoints: heroku-nel=https://nel.heroku.com/reports?ts=1735283222&sid=c4c9725f-1ab0-44d8-820f-430df2718e11&s=U79j9Gn2UQ0CF5zMlsF1WpJOsGbrjsb9qOiCw8bOPJo%3D
Nel: {"report_to":"heroku-nel","max_age":3600,"success_fraction":0.005,"failure_fraction":0.05,"response_headers":["Via"]}
X-Powered-By: Express
Access-Control-Allow-Origin: *
Etag: W/"2-vyGp6PvFo4RvsFtPoIWeCReyIC8"
Via: 1.1 vegur
CF-Cache-Status: DYNAMIC
Server: cloudflare
CF-RAY: 8f8778acebb43017-BOM
server-timing: cfL4;desc="?proto=TCP&rtt=30272&min_rtt=30231&rtt_var=11419&sent=5&recv=6&lost=0&retrans=0&sent_bytes=3107&recv_bytes=773&delivery_rate=143310&cwnd=59&unsent_bytes=0&cid=f31a219818472161&ts=293&x=0"
2024-12-27 12:37:06 [TestNG-tests-1] INFO  api_test.UserTests - ************************* TestCase 4 Completed (DELETE USER) *************************
]]></system-out>
  </testcase>
</testsuite>