<?xml version="1.0" encoding="UTF-8"?>
<testsuite xmlns:xsi="http://www.w3.org/2001/XMLSchema-instance" xsi:noNamespaceSchemaLocation="https://maven.apache.org/surefire/maven-surefire-plugin/xsd/surefire-test-report-3.0.xsd" version="3.0" name="TestSuite" time="21.351" tests="4" errors="0" skipped="0" failures="0">
  <properties>
[...]
</properties>
  <testcase name="Test_Post_A_User" classname="api_test.UserTests" time="7.314">
    <system-out><![CDATA[2024-12-31 12:43:11 [TestNG-tests-1] INFO  api_test.UserTests - ************************* REQRES API TEST STARTED ************************
2024-12-31 12:43:11 [TestNG-tests-1] INFO  api_test.UserTests - Generated User Name: Trinidad McLaughlin
2024-12-31 12:43:11 [TestNG-tests-1] INFO  api_test.UserTests - Generated User Job: Education Consultant
2024-12-31 12:43:11 [TestNG-tests-1] INFO  api_test.UserTests - ************************** TestCase 1 Started (CREATE USER) **************************
2024-12-31 12:43:14 [TestNG-tests-1] INFO  api_test.UserTests - User Details: {"name":"Trinidad McLaughlin","job":"Education Consultant","id":"842","createdAt":"2024-12-31T07:13:13.913Z"}
2024-12-31 12:43:14 [TestNG-tests-1] INFO  api_test.UserTests - Created User Name: Trinidad McLaughlin
2024-12-31 12:43:14 [TestNG-tests-1] INFO  api_test.UserTests - Created User Job: Education Consultant
2024-12-31 12:43:14 [TestNG-tests-1] INFO  api_test.UserTests - Created User ID: 842
2024-12-31 12:43:14 [TestNG-tests-1] INFO  api_test.UserTests - User Created At: 2024-12-31T07:13:13.913Z
Email sent successfully.
2024-12-31 12:43:18 [TestNG-tests-1] INFO  api_test.UserTests - ************************* TestCase 1 Completed (CREATE USER) *************************
]]></system-out>
    <system-err><![CDATA[SLF4J: Failed to load class "org.slf4j.impl.StaticLoggerBinder".
SLF4J: Defaulting to no-operation (NOP) logger implementation
SLF4J: See http://www.slf4j.org/codes.html#StaticLoggerBinder for further details.
]]></system-err>
  </testcase>
  <testcase name="Test_Get_All_Users" classname="api_test.UserTests" time="3.868">
    <system-out><![CDATA[2024-12-31 12:43:18 [TestNG-tests-1] INFO  api_test.UserTests - ************************** TestCase 2 Started (GET USER) **************************
HTTP/1.1 200 OK
Date: Tue, 31 Dec 2024 07:13:18 GMT
Content-Type: application/json; charset=utf-8
Transfer-Encoding: chunked
Connection: keep-alive
Report-To: {"group":"heroku-nel","max_age":3600,"endpoints":[{"url":"https://nel.heroku.com/reports?ts=1735581869&sid=c4c9725f-1ab0-44d8-820f-430df2718e11&s=Jt4WDCYDtnC3MCGyGtk9Nnw%2F03XyDCB%2B8ge0DUGHxjk%3D"}]}
Reporting-Endpoints: heroku-nel=https://nel.heroku.com/reports?ts=1735581869&sid=c4c9725f-1ab0-44d8-820f-430df2718e11&s=Jt4WDCYDtnC3MCGyGtk9Nnw%2F03XyDCB%2B8ge0DUGHxjk%3D
Nel: {"report_to":"heroku-nel","max_age":3600,"success_fraction":0.005,"failure_fraction":0.05,"response_headers":["Via"]}
X-Powered-By: Express
Access-Control-Allow-Origin: *
Etag: W/"440-ZjsmMKR8P3usr2uJZbOCGCxC3Uw"
Via: 1.1 vegur
Cache-Control: max-age=14400
CF-Cache-Status: HIT
Age: 5379
Vary: Accept-Encoding
Server: cloudflare
CF-RAY: 8fa8775b480591c1-DEL
Content-Encoding: gzip
server-timing: cfL4;desc="?proto=TCP&rtt=4352&min_rtt=3964&rtt_var=1764&sent=5&recv=6&lost=0&retrans=0&sent_bytes=3106&recv_bytes=775&delivery_rate=1104944&cwnd=250&unsent_bytes=0&cid=31804b2791b4fb59&ts=31&x=0"

{
    "page": 2,
    "per_page": 6,
    "total": 12,
    "total_pages": 2,
    "data": [
        {
            "id": 7,
            "email": "michael.lawson@reqres.in",
            "first_name": "Michael",
            "last_name": "Lawson",
            "avatar": "https://reqres.in/img/faces/7-image.jpg"
        },
        {
            "id": 8,
            "email": "lindsay.ferguson@reqres.in",
            "first_name": "Lindsay",
            "last_name": "Ferguson",
            "avatar": "https://reqres.in/img/faces/8-image.jpg"
        },
        {
            "id": 9,
            "email": "tobias.funke@reqres.in",
            "first_name": "Tobias",
            "last_name": "Funke",
            "avatar": "https://reqres.in/img/faces/9-image.jpg"
        },
        {
            "id": 10,
            "email": "byron.fields@reqres.in",
            "first_name": "Byron",
            "last_name": "Fields",
            "avatar": "https://reqres.in/img/faces/10-image.jpg"
        },
        {
            "id": 11,
            "email": "george.edwards@reqres.in",
            "first_name": "George",
            "last_name": "Edwards",
            "avatar": "https://reqres.in/img/faces/11-image.jpg"
        },
        {
            "id": 12,
            "email": "rachel.howell@reqres.in",
            "first_name": "Rachel",
            "last_name": "Howell",
            "avatar": "https://reqres.in/img/faces/12-image.jpg"
        }
    ],
    "support": {
        "url": "https://contentcaddy.io?utm_source=reqres&utm_medium=json&utm_campaign=referral",
        "text": "Tired of writing endless social media content? Let Content Caddy generate it for you."
    }
}
Email sent successfully.
2024-12-31 12:43:22 [TestNG-tests-1] INFO  api_test.UserTests - ************************* TestCase 2 Completed (GET USER) *************************
]]></system-out>
  </testcase>
  <testcase name="Test_Update_A_UserDetails" classname="api_test.UserTests" time="4.387">
    <system-out><![CDATA[2024-12-31 12:43:22 [TestNG-tests-1] INFO  api_test.UserTests - ************************** TestCase 3 Started (UPDATE USER) **************************
HTTP/1.1 200 OK
Date: Tue, 31 Dec 2024 07:13:22 GMT
Content-Type: application/json; charset=utf-8
Transfer-Encoding: chunked
Connection: keep-alive
Report-To: {"group":"heroku-nel","max_age":3600,"endpoints":[{"url":"https://nel.heroku.com/reports?ts=1735581869&sid=c4c9725f-1ab0-44d8-820f-430df2718e11&s=Jt4WDCYDtnC3MCGyGtk9Nnw%2F03XyDCB%2B8ge0DUGHxjk%3D"}]}
Reporting-Endpoints: heroku-nel=https://nel.heroku.com/reports?ts=1735581869&sid=c4c9725f-1ab0-44d8-820f-430df2718e11&s=Jt4WDCYDtnC3MCGyGtk9Nnw%2F03XyDCB%2B8ge0DUGHxjk%3D
Nel: {"report_to":"heroku-nel","max_age":3600,"success_fraction":0.005,"failure_fraction":0.05,"response_headers":["Via"]}
X-Powered-By: Express
Access-Control-Allow-Origin: *
Etag: W/"440-ZjsmMKR8P3usr2uJZbOCGCxC3Uw"
Via: 1.1 vegur
Cache-Control: max-age=14400
CF-Cache-Status: HIT
Age: 5383
Vary: Accept-Encoding
Server: cloudflare
CF-RAY: 8fa877733a6c5526-DEL
Content-Encoding: gzip
server-timing: cfL4;desc="?proto=TCP&rtt=4090&min_rtt=4027&rtt_var=1637&sent=5&recv=6&lost=0&retrans=0&sent_bytes=3107&recv_bytes=775&delivery_rate=965608&cwnd=240&unsent_bytes=0&cid=943bd593a2cfd8af&ts=39&x=0"

{
    "page": 2,
    "per_page": 6,
    "total": 12,
    "total_pages": 2,
    "data": [
        {
            "id": 7,
            "email": "michael.lawson@reqres.in",
            "first_name": "Michael",
            "last_name": "Lawson",
            "avatar": "https://reqres.in/img/faces/7-image.jpg"
        },
        {
            "id": 8,
            "email": "lindsay.ferguson@reqres.in",
            "first_name": "Lindsay",
            "last_name": "Ferguson",
            "avatar": "https://reqres.in/img/faces/8-image.jpg"
        },
        {
            "id": 9,
            "email": "tobias.funke@reqres.in",
            "first_name": "Tobias",
            "last_name": "Funke",
            "avatar": "https://reqres.in/img/faces/9-image.jpg"
        },
        {
            "id": 10,
            "email": "byron.fields@reqres.in",
            "first_name": "Byron",
            "last_name": "Fields",
            "avatar": "https://reqres.in/img/faces/10-image.jpg"
        },
        {
            "id": 11,
            "email": "george.edwards@reqres.in",
            "first_name": "George",
            "last_name": "Edwards",
            "avatar": "https://reqres.in/img/faces/11-image.jpg"
        },
        {
            "id": 12,
            "email": "rachel.howell@reqres.in",
            "first_name": "Rachel",
            "last_name": "Howell",
            "avatar": "https://reqres.in/img/faces/12-image.jpg"
        }
    ],
    "support": {
        "url": "https://contentcaddy.io?utm_source=reqres&utm_medium=json&utm_campaign=referral",
        "text": "Tired of writing endless social media content? Let Content Caddy generate it for you."
    }
}
2024-12-31 12:43:22 [TestNG-tests-1] INFO  api_test.UserTests - User ID: 7
2024-12-31 12:43:22 [TestNG-tests-1] INFO  api_test.UserTests - First Name: Michael
2024-12-31 12:43:22 [TestNG-tests-1] INFO  api_test.UserTests - Last Name: Lawson
2024-12-31 12:43:22 [TestNG-tests-1] INFO  api_test.UserTests - Email: michael.lawson@reqres.in
HTTP/1.1 200 OK
Date: Tue, 31 Dec 2024 07:13:22 GMT
Content-Type: application/json; charset=utf-8
Transfer-Encoding: chunked
Connection: keep-alive
Report-To: {"group":"heroku-nel","max_age":3600,"endpoints":[{"url":"https://nel.heroku.com/reports?ts=1735629202&sid=c4c9725f-1ab0-44d8-820f-430df2718e11&s=ZBL5Dlf8bQH1IW7uNWflYiABn3S5rrhos%2BhILk8T%2FfE%3D"}]}
Reporting-Endpoints: heroku-nel=https://nel.heroku.com/reports?ts=1735629202&sid=c4c9725f-1ab0-44d8-820f-430df2718e11&s=ZBL5Dlf8bQH1IW7uNWflYiABn3S5rrhos%2BhILk8T%2FfE%3D
Nel: {"report_to":"heroku-nel","max_age":3600,"success_fraction":0.005,"failure_fraction":0.05,"response_headers":["Via"]}
X-Powered-By: Express
Access-Control-Allow-Origin: *
Etag: W/"62-uiunxWya9mhhS2HxdFNmB6yx7c8"
Via: 1.1 vegur
CF-Cache-Status: DYNAMIC
Vary: Accept-Encoding
Server: cloudflare
CF-RAY: 8fa87774594491cd-DEL
Content-Encoding: gzip
server-timing: cfL4;desc="?proto=TCP&rtt=3599&min_rtt=3528&rtt_var=1466&sent=5&recv=6&lost=0&retrans=0&sent_bytes=3107&recv_bytes=881&delivery_rate=1068032&cwnd=231&unsent_bytes=0&cid=690c9988735a6c98&ts=375&x=0"

{
    "name": "Trinidad McLaughlin",
    "job": "Education Consultant",
    "updatedAt": "2024-12-31T07:13:22.873Z"
}
Email sent successfully.
2024-12-31 12:43:26 [TestNG-tests-1] INFO  api_test.UserTests - ************************* TestCase 3 Completed (UPDATE USER) *************************
]]></system-out>
  </testcase>
  <testcase name="Test_Deleting_A_UserDetails" classname="api_test.UserTests" time="3.978">
    <system-out><![CDATA[2024-12-31 12:43:26 [TestNG-tests-1] INFO  api_test.UserTests - ************************** TestCase 4 Started (DELETE USER) **************************
HTTP/1.1 204 No Content
Date: Tue, 31 Dec 2024 07:13:27 GMT
Content-Length: 0
Connection: keep-alive
Report-To: {"group":"heroku-nel","max_age":3600,"endpoints":[{"url":"https://nel.heroku.com/reports?ts=1735629207&sid=c4c9725f-1ab0-44d8-820f-430df2718e11&s=YnAwZsZVV1WYyocsn0majPZW6Ek2q0qj0Am%2FSRS%2BWiQ%3D"}]}
Reporting-Endpoints: heroku-nel=https://nel.heroku.com/reports?ts=1735629207&sid=c4c9725f-1ab0-44d8-820f-430df2718e11&s=YnAwZsZVV1WYyocsn0majPZW6Ek2q0qj0Am%2FSRS%2BWiQ%3D
Nel: {"report_to":"heroku-nel","max_age":3600,"success_fraction":0.005,"failure_fraction":0.05,"response_headers":["Via"]}
X-Powered-By: Express
Access-Control-Allow-Origin: *
Etag: W/"2-vyGp6PvFo4RvsFtPoIWeCReyIC8"
Via: 1.1 vegur
CF-Cache-Status: DYNAMIC
Server: cloudflare
CF-RAY: 8fa8778eae4d8e7a-DEL
server-timing: cfL4;desc="?proto=TCP&rtt=3994&min_rtt=3903&rtt_var=1647&sent=5&recv=6&lost=0&retrans=0&sent_bytes=3106&recv_bytes=773&delivery_rate=944779&cwnd=227&unsent_bytes=0&cid=4f4450d2886f4e21&ts=477&x=0"
Email sent successfully.
2024-12-31 12:43:30 [TestNG-tests-1] INFO  api_test.UserTests - ************************* TestCase 4 Completed (DELETE USER) *************************
]]></system-out>
  </testcase>
</testsuite>