<?xml version="1.0" encoding="UTF-8"?>
<!-- Generated by org.testng.reporters.JUnitXMLReporter -->
<testsuite ignored="0" hostname="DESKTOP-5JNDLAG" failures="0" tests="4" name="User API Tests" time="19.766" errors="0" timestamp="2024-12-31T12:43:30 IST">
  <testcase classname="api_test.UserTests" name="Test_Post_A_User" time="7.262"/>
  <testcase classname="api_test.UserTests" name="Test_Get_All_Users" time="3.859"/>
  <testcase classname="api_test.UserTests" name="Test_Update_A_UserDetails" time="4.384"/>
  <testcase classname="api_test.UserTests" name="Test_Deleting_A_UserDetails" time="3.975"/>
</testsuite> <!-- User API Tests -->
